<?xml version="1.0" encoding="UTF-8"?>
<testng-results ignored="0" total="1" passed="1" failed="0" skipped="0">
  <reporter-output>
    <line>
      <![CDATA[notification popup has displayed and clicked on Not Now]]>
    </line>
  </reporter-output>
  <suite started-at="2018-03-01T06:04:25Z" name="Default suite" finished-at="2018-03-01T06:05:33Z" duration-ms="68104">
    <groups>
    </groups>
    <test started-at="2018-03-01T06:04:25Z" name="Default test" finished-at="2018-03-01T06:05:33Z" duration-ms="68104">
      <class name="org.facebook.tests.LoignTest">
        <test-method is-config="true" signature="preCondition()[pri:0, instance:org.facebook.tests.LoignTest@5d7148e2]" started-at="2018-03-01T11:34:25Z" name="preCondition" finished-at="2018-03-01T11:34:42Z" duration-ms="16661" status="PASS">
          <reporter-output>
          </reporter-output>
        </test-method> <!-- preCondition -->
        <test-method signature="testLogin()[pri:0, instance:org.facebook.tests.LoignTest@5d7148e2]" started-at="2018-03-01T11:34:42Z" name="testLogin" finished-at="2018-03-01T11:35:33Z" duration-ms="51398" status="PASS">
          <reporter-output>
            <line>
              <![CDATA[notification popup has displayed and clicked on Not Now]]>
            </line>
          </reporter-output>
        </test-method> <!-- testLogin -->
        <test-method is-config="true" signature="postCondtion()[pri:0, instance:org.facebook.tests.LoignTest@5d7148e2]" started-at="2018-03-01T11:35:33Z" name="postCondtion" finished-at="2018-03-01T11:35:33Z" duration-ms="0" status="PASS">
          <reporter-output>
          </reporter-output>
        </test-method> <!-- postCondtion -->
      </class> <!-- org.facebook.tests.LoignTest -->
    </test> <!-- Default test -->
  </suite> <!-- Default suite -->
</testng-results>
